0 info it worked if it ends with ok
1 verbose cli [ '/usr/local/bin/node', '/usr/local/bin/npm', 'run', 'updatepe' ]
2 info using npm@1.4.28
3 info using node@v0.10.32
4 verbose node symlink /usr/local/bin/node
5 verbose run-script [ 'preupdatepe', 'updatepe', 'postupdatepe' ]
6 info preupdatepe frontend@1.0.0
7 info updatepe frontend@1.0.0
8 verbose unsafe-perm in lifecycle true
9 info frontend@1.0.0 Failed to exec updatepe script
10 error frontend@1.0.0 updatepe: `git checkout PE && aws s3 sync . s3://jooycar.com.pe --exclude ".*" --exclude "*.DS_Store" --exclude "package.json";`
10 error Exit status 1
11 error Failed at the frontend@1.0.0 updatepe script.
11 error This is most likely a problem with the frontend package,
11 error not with npm itself.
11 error Tell the author that this fails on your system:
11 error     git checkout PE && aws s3 sync . s3://jooycar.com.pe --exclude ".*" --exclude "*.DS_Store" --exclude "package.json";
11 error You can get their info via:
11 error     npm owner ls frontend
11 error There is likely additional logging output above.
12 error System Darwin 14.5.0
13 error command "/usr/local/bin/node" "/usr/local/bin/npm" "run" "updatepe"
14 error cwd /Users/MacBook/JooyCar/frontend
15 error node -v v0.10.32
16 error npm -v 1.4.28
17 error code ELIFECYCLE
18 verbose exit [ 1, true ]
